build/outputs/logs/manifest-merger-debug-report.txt
-- Merging decision tree log ---
manifest
ADDED from src/main/AndroidManifest.xml:2:1-92:12
	package
		ADDED from src/main/AndroidManifest.xml:3:5-29
		INJECTED from src/main/AndroidManifest.xml
		INJECTED from src/main/AndroidManifest.xml
	android:versionName
		ADDED from src/main/AndroidManifest.xml:5:5-30
		INJECTED from src/main/AndroidManifest.xml
		INJECTED from src/main/AndroidManifest.xml
	android:versionCode
		ADDED from src/main/AndroidManifest.xml:4:5-28
		INJECTED from src/main/AndroidManifest.xml
		INJECTED from src/main/AndroidManifest.xml
	xmlns:android
		ADDED from src/main/AndroidManifest.xml:2:11-69
uses-sdk
ADDED from src/main/AndroidManifest.xml:7:5-9:41
MERGED from [com.android.support:appcompat-v7:23.0.0] AndroidManifest.xml:20:5-43
MERGED from [com.android.support:support-v4:23.0.0] AndroidManifest.xml:20:5-43
	android:targetSdkVersion
		ADDED from src/main/AndroidManifest.xml:9:9-38
		INJECTED from src/main/AndroidManifest.xml
		INJECTED from src/main/AndroidManifest.xml
	android:minSdkVersion
		ADDED from src/main/AndroidManifest.xml:8:9-35
		INJECTED from src/main/AndroidManifest.xml
		INJECTED from src/main/AndroidManifest.xml
uses-permission#android.permission.WRITE_EXTERNAL_STORAGE
ADDED from src/main/AndroidManifest.xml:11:5-81
	android:name
		ADDED from src/main/AndroidManifest.xml:11:22-78
uses-permission#android.permission.READ_PHONE_STATE
ADDED from src/main/AndroidManifest.xml:12:5-75
	android:name
		ADDED from src/main/AndroidManifest.xml:12:22-72
uses-permission#android.permission.READ_EXTERNAL_STORAGE
ADDED from src/main/AndroidManifest.xml:13:5-80
	android:name
		ADDED from src/main/AndroidManifest.xml:13:22-77
uses-permission#android.permission.INTERNET
ADDED from src/main/AndroidManifest.xml:14:5-66
	android:name
		ADDED from src/main/AndroidManifest.xml:14:22-64
uses-permission#android.permission.ACCESS_NETWORK_STATE
ADDED from src/main/AndroidManifest.xml:15:5-79
	android:name
		ADDED from src/main/AndroidManifest.xml:15:22-76
uses-permission#android.permission.ACCESS_WIFI_STATE
ADDED from src/main/AndroidManifest.xml:16:5-76
	android:name
		ADDED from src/main/AndroidManifest.xml:16:22-73
uses-permission#android.permission.RESTART_PACKAGES
ADDED from src/main/AndroidManifest.xml:17:5-75
	android:name
		ADDED from src/main/AndroidManifest.xml:17:22-72
uses-permission#android.permission.GET_TASKS
ADDED from src/main/AndroidManifest.xml:19:5-68
	android:name
		ADDED from src/main/AndroidManifest.xml:19:22-65
application
ADDED from src/main/AndroidManifest.xml:21:5-90:19
MERGED from [com.android.support:appcompat-v7:23.0.0] AndroidManifest.xml:22:5-20
MERGED from [com.android.support:support-v4:23.0.0] AndroidManifest.xml:22:5-20
	android:label
		ADDED from src/main/AndroidManifest.xml:24:9-41
	android:allowBackup
		ADDED from src/main/AndroidManifest.xml:22:9-35
	android:icon
		ADDED from src/main/AndroidManifest.xml:23:9-43
	android:theme
		ADDED from src/main/AndroidManifest.xml:25:9-56
activity#com.echo.yanji.MainActivity
ADDED from src/main/AndroidManifest.xml:26:9-34:20
	android:label
		ADDED from src/main/AndroidManifest.xml:28:13-45
	android:name
		ADDED from src/main/AndroidManifest.xml:27:13-41
intent-filter#android.intent.action.MAIN+android.intent.category.LAUNCHER
ADDED from src/main/AndroidManifest.xml:29:13-33:29
action#android.intent.action.MAIN
ADDED from src/main/AndroidManifest.xml:30:17-69
	android:name
		ADDED from src/main/AndroidManifest.xml:30:25-66
category#android.intent.category.LAUNCHER
ADDED from src/main/AndroidManifest.xml:32:17-77
	android:name
		ADDED from src/main/AndroidManifest.xml:32:27-74
activity#com.echo.yanji.A0_welcome
ADDED from src/main/AndroidManifest.xml:35:9-48
	android:name
		ADDED from src/main/AndroidManifest.xml:35:19-45
activity#com.echo.yanji.A1_login
ADDED from src/main/AndroidManifest.xml:36:9-46
	android:name
		ADDED from src/main/AndroidManifest.xml:36:19-43
activity#com.echo.yanji.A2_regist
ADDED from src/main/AndroidManifest.xml:37:9-47
	android:name
		ADDED from src/main/AndroidManifest.xml:37:19-44
activity#com.echo.yanji.A2_regist2
ADDED from src/main/AndroidManifest.xml:38:9-48
	android:name
		ADDED from src/main/AndroidManifest.xml:38:19-45
activity#com.echo.yanji.A3_forgetpwd
ADDED from src/main/AndroidManifest.xml:39:9-50
	android:name
		ADDED from src/main/AndroidManifest.xml:39:19-47
activity#com.echo.yanji.A4_conect
ADDED from src/main/AndroidManifest.xml:40:9-47
	android:name
		ADDED from src/main/AndroidManifest.xml:40:19-44
activity#com.echo.yanji.A5_myinfo
ADDED from src/main/AndroidManifest.xml:41:9-47
	android:name
		ADDED from src/main/AndroidManifest.xml:41:19-44
activity#com.echo.yanji.A6_test
ADDED from src/main/AndroidManifest.xml:42:9-45
	android:name
		ADDED from src/main/AndroidManifest.xml:42:19-42
activity#com.echo.yanji.A7_yanzhidetail
ADDED from src/main/AndroidManifest.xml:43:9-53
	android:name
		ADDED from src/main/AndroidManifest.xml:43:19-50
activity#com.echo.yanji.A8_analyse
ADDED from src/main/AndroidManifest.xml:44:9-48
	android:name
		ADDED from src/main/AndroidManifest.xml:44:19-45
activity#com.echo.yanji.A9_solution
ADDED from src/main/AndroidManifest.xml:45:9-49
	android:name
		ADDED from src/main/AndroidManifest.xml:45:19-46
activity#com.echo.yanji.A10_history
ADDED from src/main/AndroidManifest.xml:46:9-49
	android:name
		ADDED from src/main/AndroidManifest.xml:46:19-46
activity#com.echo.yanji.B0_table
ADDED from src/main/AndroidManifest.xml:47:9-46
	android:name
		ADDED from src/main/AndroidManifest.xml:47:19-43
activity#com.umeng.socialize.view.ShareActivity
ADDED from src/main/AndroidManifest.xml:50:9-57:20
	android:launchMode
		ADDED from src/main/AndroidManifest.xml:53:13-44
	android:noHistory
		ADDED from src/main/AndroidManifest.xml:54:13-37
	android:windowSoftInputMode
		ADDED from src/main/AndroidManifest.xml:56:13-68
	android:configChanges
		ADDED from src/main/AndroidManifest.xml:52:13-57
	android:theme
		ADDED from src/main/AndroidManifest.xml:55:13-50
	android:name
		ADDED from src/main/AndroidManifest.xml:51:13-66
activity#com.tencent.tauth.AuthActivity
ADDED from src/main/AndroidManifest.xml:60:9-72:20
	android:launchMode
		ADDED from src/main/AndroidManifest.xml:62:13-44
	android:noHistory
		ADDED from src/main/AndroidManifest.xml:63:13-37
	android:name
		ADDED from src/main/AndroidManifest.xml:61:13-58
intent-filter#android.intent.action.VIEW+android.intent.category.BROWSABLE+android.intent.category.DEFAULT
ADDED from src/main/AndroidManifest.xml:64:13-71:29
action#android.intent.action.VIEW
ADDED from src/main/AndroidManifest.xml:65:17-69
	android:name
		ADDED from src/main/AndroidManifest.xml:65:25-66
category#android.intent.category.DEFAULT
ADDED from src/main/AndroidManifest.xml:67:17-76
	android:name
		ADDED from src/main/AndroidManifest.xml:67:27-73
category#android.intent.category.BROWSABLE
ADDED from src/main/AndroidManifest.xml:68:17-78
	android:name
		ADDED from src/main/AndroidManifest.xml:68:27-75
data
ADDED from src/main/AndroidManifest.xml:70:17-59
	android:scheme
		ADDED from src/main/AndroidManifest.xml:70:23-56
activity#com.tencent.connect.common.AssistActivity
ADDED from src/main/AndroidManifest.xml:73:9-76:20
	android:screenOrientation
		ADDED from src/main/AndroidManifest.xml:75:13-49
	android:theme
		ADDED from src/main/AndroidManifest.xml:74:13-72
	android:name
		ADDED from src/main/AndroidManifest.xml:73:19-75
activity#com.echo.yanji_utils.WXEntryActivity
ADDED from src/main/AndroidManifest.xml:77:9-82:52
	android:screenOrientation
		ADDED from src/main/AndroidManifest.xml:82:13-49
	android:exported
		ADDED from src/main/AndroidManifest.xml:81:13-36
	android:configChanges
		ADDED from src/main/AndroidManifest.xml:80:13-74
	android:theme
		ADDED from src/main/AndroidManifest.xml:79:13-72
	android:name
		ADDED from src/main/AndroidManifest.xml:78:13-64
meta-data#UMENG_APPKEY
ADDED from src/main/AndroidManifest.xml:86:9-89:21
	android:value
		ADDED from src/main/AndroidManifest.xml:88:13-53
	android:name
		ADDED from src/main/AndroidManifest.xml:87:13-40